<?xml version="1.0" encoding="UTF-8"?>
<coverage generated="1738111852764" clover="3.2.0">
  <project timestamp="1738111852764" name="All files">
    <metrics statements="78" coveredstatements="74" conditionals="30" coveredconditionals="25" methods="15" coveredmethods="15" elements="123" coveredelements="114" complexity="0" loc="78" ncloc="78" packages="1" files="1" classes="1"/>
    <file name="app.js" path="/Users/palak/Documents/University/progblack_2425/coursework/app.js">
      <metrics statements="78" coveredstatements="74" conditionals="30" coveredconditionals="25" methods="15" coveredmethods="15"/>
      <line num="2" count="1" type="stmt"/>
      <line num="3" count="1" type="stmt"/>
      <line num="4" count="1" type="stmt"/>
      <line num="5" count="1" type="stmt"/>
      <line num="7" count="1" type="stmt"/>
      <line num="8" count="1" type="stmt"/>
      <line num="10" count="1" type="stmt"/>
      <line num="11" count="1" type="stmt"/>
      <line num="12" count="1" type="stmt"/>
      <line num="15" count="1" type="stmt"/>
      <line num="16" count="1" type="stmt"/>
      <line num="21" count="1" type="stmt"/>
      <line num="22" count="5" type="cond" truecount="2" falsecount="0"/>
      <line num="23" count="5" type="stmt"/>
      <line num="24" count="250" type="stmt"/>
      <line num="26" count="5" type="stmt"/>
      <line num="27" count="5" type="stmt"/>
      <line num="28" count="5" type="cond" truecount="2" falsecount="0"/>
      <line num="29" count="1" type="stmt"/>
      <line num="37" count="1" type="stmt"/>
      <line num="38" count="3" type="stmt"/>
      <line num="40" count="3" type="stmt"/>
      <line num="41" count="3" type="cond" truecount="2" falsecount="0"/>
      <line num="42" count="1" type="stmt"/>
      <line num="44" count="2" type="stmt"/>
      <line num="52" count="1" type="stmt"/>
      <line num="53" count="1" type="stmt"/>
      <line num="61" count="1" type="stmt"/>
      <line num="62" count="4" type="stmt"/>
      <line num="63" count="4" type="cond" truecount="4" falsecount="0"/>
      <line num="64" count="2" type="stmt"/>
      <line num="66" count="54" type="stmt"/>
      <line num="67" count="2" type="cond" truecount="2" falsecount="0"/>
      <line num="68" count="1" type="stmt"/>
      <line num="70" count="1" type="cond" truecount="1" falsecount="1"/>
      <line num="71" count="1" type="cond" truecount="1" falsecount="1"/>
      <line num="72" count="1" type="stmt"/>
      <line num="73" count="1" type="stmt"/>
      <line num="74" count="1" type="stmt"/>
      <line num="75" count="1" type="stmt"/>
      <line num="76" count="1" type="stmt"/>
      <line num="77" count="1" type="stmt"/>
      <line num="78" count="1" type="stmt"/>
      <line num="79" count="1" type="cond" truecount="1" falsecount="1"/>
      <line num="80" count="0" type="stmt"/>
      <line num="81" count="0" type="stmt"/>
      <line num="83" count="1" type="stmt"/>
      <line num="92" count="1" type="stmt"/>
      <line num="94" count="1" type="stmt"/>
      <line num="95" count="1" type="stmt"/>
      <line num="97" count="1" type="stmt"/>
      <line num="100" count="0" type="stmt"/>
      <line num="111" count="1" type="stmt"/>
      <line num="112" count="5" type="stmt"/>
      <line num="113" count="5" type="cond" truecount="2" falsecount="0"/>
      <line num="114" count="1" type="stmt"/>
      <line num="116" count="4" type="stmt"/>
      <line num="117" count="4" type="stmt"/>
      <line num="118" count="4" type="cond" truecount="2" falsecount="0"/>
      <line num="119" count="1" type="stmt"/>
      <line num="122" count="3" type="stmt"/>
      <line num="123" count="3" type="stmt"/>
      <line num="125" count="1" type="stmt"/>
      <line num="127" count="21" type="stmt"/>
      <line num="128" count="2" type="cond" truecount="2" falsecount="0"/>
      <line num="129" count="1" type="cond" truecount="1" falsecount="1"/>
      <line num="131" count="1" type="stmt"/>
      <line num="133" count="1" type="stmt"/>
      <line num="134" count="1" type="cond" truecount="1" falsecount="1"/>
      <line num="135" count="0" type="stmt"/>
      <line num="137" count="1" type="stmt"/>
      <line num="145" count="1" type="stmt"/>
      <line num="146" count="2" type="stmt"/>
      <line num="148" count="21" type="stmt"/>
      <line num="150" count="2" type="cond" truecount="2" falsecount="0"/>
      <line num="151" count="1" type="stmt"/>
      <line num="155" count="1" type="stmt"/>
      <line num="159" count="1" type="stmt"/>
    </file>
  </project>
</coverage>
