{"/Users/palak/Documents/University/progblack_2425/coursework/app.js": {"path":"/Users/palak/Documents/University/progblack_2425/coursework/app.js","statementMap":{"0":{"start":{"line":2,"column":16},"end":{"line":2,"column":34}},"1":{"start":{"line":3,"column":12},"end":{"line":3,"column":21}},"2":{"start":{"line":4,"column":13},"end":{"line":4,"column":28}},"3":{"start":{"line":5,"column":11},"end":{"line":5,"column":24}},"4":{"start":{"line":7,"column":0},"end":{"line":7,"column":34}},"5":{"start":{"line":8,"column":0},"end":{"line":8,"column":56}},"6":{"start":{"line":10,"column":0},"end":{"line":10,"column":56}},"7":{"start":{"line":11,"column":0},"end":{"line":11,"column":24}},"8":{"start":{"line":12,"column":27},"end":{"line":14,"column":3}},"9":{"start":{"line":15,"column":0},"end":{"line":15,"column":67}},"10":{"start":{"line":16,"column":0},"end":{"line":16,"column":75}},"11":{"start":{"line":21,"column":0},"end":{"line":31,"column":5}},"12":{"start":{"line":22,"column":16},"end":{"line":22,"column":61}},"13":{"start":{"line":23,"column":33},"end":{"line":25,"column":5}},"14":{"start":{"line":24,"column":6},"end":{"line":24,"column":38}},"15":{"start":{"line":26,"column":4},"end":{"line":26,"column":23}},"16":{"start":{"line":27,"column":4},"end":{"line":27,"column":35}},"17":{"start":{"line":28,"column":4},"end":{"line":30,"column":3}},"18":{"start":{"line":28,"column":23},"end":{"line":28,"column":32}},"19":{"start":{"line":29,"column":6},"end":{"line":29,"column":78}},"20":{"start":{"line":37,"column":2},"end":{"line":46,"column":5}},"21":{"start":{"line":38,"column":21},"end":{"line":38,"column":69}},"22":{"start":{"line":40,"column":4},"end":{"line":45,"column":7}},"23":{"start":{"line":41,"column":6},"end":{"line":43,"column":7}},"24":{"start":{"line":42,"column":8},"end":{"line":42,"column":71}},"25":{"start":{"line":44,"column":6},"end":{"line":44,"column":33}},"26":{"start":{"line":52,"column":0},"end":{"line":52,"column":24}},"27":{"start":{"line":53,"column":29},"end":{"line":53,"column":66}},"28":{"start":{"line":61,"column":0},"end":{"line":88,"column":3}},"29":{"start":{"line":62,"column":44},"end":{"line":62,"column":52}},"30":{"start":{"line":63,"column":4},"end":{"line":65,"column":5}},"31":{"start":{"line":64,"column":8},"end":{"line":64,"column":74}},"32":{"start":{"line":66,"column":24},"end":{"line":66,"column":90}},"33":{"start":{"line":66,"column":60},"end":{"line":66,"column":89}},"34":{"start":{"line":67,"column":4},"end":{"line":69,"column":5}},"35":{"start":{"line":68,"column":8},"end":{"line":68,"column":72}},"36":{"start":{"line":70,"column":4},"end":{"line":70,"column":52}},"37":{"start":{"line":70,"column":29},"end":{"line":70,"column":52}},"38":{"start":{"line":71,"column":4},"end":{"line":71,"column":50}},"39":{"start":{"line":71,"column":28},"end":{"line":71,"column":50}},"40":{"start":{"line":72,"column":22},"end":{"line":72,"column":44}},"41":{"start":{"line":73,"column":21},"end":{"line":73,"column":42}},"42":{"start":{"line":74,"column":29},"end":{"line":74,"column":94}},"43":{"start":{"line":75,"column":33},"end":{"line":75,"column":72}},"44":{"start":{"line":76,"column":4},"end":{"line":76,"column":46}},"45":{"start":{"line":77,"column":4},"end":{"line":77,"column":33}},"46":{"start":{"line":78,"column":4},"end":{"line":87,"column":7}},"47":{"start":{"line":79,"column":8},"end":{"line":82,"column":9}},"48":{"start":{"line":80,"column":12},"end":{"line":80,"column":68}},"49":{"start":{"line":81,"column":12},"end":{"line":81,"column":85}},"50":{"start":{"line":83,"column":8},"end":{"line":86,"column":11}},"51":{"start":{"line":92,"column":18},"end":{"line":92,"column":101}},"52":{"start":{"line":94,"column":0},"end":{"line":102,"column":3}},"53":{"start":{"line":95,"column":2},"end":{"line":101,"column":1}},"54":{"start":{"line":97,"column":2},"end":{"line":97,"column":34}},"55":{"start":{"line":100,"column":2},"end":{"line":100,"column":77}},"56":{"start":{"line":111,"column":0},"end":{"line":140,"column":3}},"57":{"start":{"line":112,"column":17},"end":{"line":112,"column":25}},"58":{"start":{"line":113,"column":2},"end":{"line":115,"column":3}},"59":{"start":{"line":114,"column":4},"end":{"line":114,"column":63}},"60":{"start":{"line":116,"column":19},"end":{"line":116,"column":44}},"61":{"start":{"line":117,"column":2},"end":{"line":139,"column":5}},"62":{"start":{"line":118,"column":4},"end":{"line":120,"column":5}},"63":{"start":{"line":119,"column":6},"end":{"line":119,"column":69}},"64":{"start":{"line":122,"column":4},"end":{"line":126,"column":5}},"65":{"start":{"line":123,"column":6},"end":{"line":123,"column":34}},"66":{"start":{"line":125,"column":6},"end":{"line":125,"column":69}},"67":{"start":{"line":127,"column":21},"end":{"line":127,"column":52}},"68":{"start":{"line":127,"column":40},"end":{"line":127,"column":51}},"69":{"start":{"line":128,"column":4},"end":{"line":132,"column":5}},"70":{"start":{"line":129,"column":6},"end":{"line":129,"column":49}},"71":{"start":{"line":131,"column":6},"end":{"line":131,"column":69}},"72":{"start":{"line":133,"column":4},"end":{"line":138,"column":7}},"73":{"start":{"line":134,"column":6},"end":{"line":136,"column":7}},"74":{"start":{"line":135,"column":8},"end":{"line":135,"column":71}},"75":{"start":{"line":137,"column":6},"end":{"line":137,"column":80}},"76":{"start":{"line":145,"column":0},"end":{"line":157,"column":3}},"77":{"start":{"line":146,"column":17},"end":{"line":146,"column":26}},"78":{"start":{"line":148,"column":19},"end":{"line":148,"column":51}},"79":{"start":{"line":148,"column":39},"end":{"line":148,"column":50}},"80":{"start":{"line":150,"column":2},"end":{"line":156,"column":3}},"81":{"start":{"line":151,"column":4},"end":{"line":153,"column":7}},"82":{"start":{"line":155,"column":4},"end":{"line":155,"column":58}},"83":{"start":{"line":159,"column":0},"end":{"line":159,"column":21}}},"fnMap":{"0":{"name":"(anonymous_0)","decl":{"start":{"line":21,"column":29},"end":{"line":21,"column":30}},"loc":{"start":{"line":21,"column":43},"end":{"line":31,"column":3}},"line":21},"1":{"name":"(anonymous_1)","decl":{"start":{"line":23,"column":59},"end":{"line":23,"column":60}},"loc":{"start":{"line":24,"column":6},"end":{"line":24,"column":38}},"line":24},"2":{"name":"(anonymous_2)","decl":{"start":{"line":28,"column":17},"end":{"line":28,"column":18}},"loc":{"start":{"line":28,"column":23},"end":{"line":28,"column":32}},"line":28},"3":{"name":"(anonymous_3)","decl":{"start":{"line":37,"column":35},"end":{"line":37,"column":36}},"loc":{"start":{"line":37,"column":49},"end":{"line":46,"column":3}},"line":37},"4":{"name":"(anonymous_4)","decl":{"start":{"line":40,"column":34},"end":{"line":40,"column":35}},"loc":{"start":{"line":40,"column":49},"end":{"line":45,"column":5}},"line":40},"5":{"name":"(anonymous_5)","decl":{"start":{"line":61,"column":31},"end":{"line":61,"column":32}},"loc":{"start":{"line":61,"column":45},"end":{"line":88,"column":1}},"line":61},"6":{"name":"(anonymous_6)","decl":{"start":{"line":66,"column":52},"end":{"line":66,"column":53}},"loc":{"start":{"line":66,"column":60},"end":{"line":66,"column":89}},"line":66},"7":{"name":"(anonymous_7)","decl":{"start":{"line":78,"column":96},"end":{"line":78,"column":97}},"loc":{"start":{"line":78,"column":105},"end":{"line":87,"column":5}},"line":78},"8":{"name":"(anonymous_8)","decl":{"start":{"line":94,"column":26},"end":{"line":94,"column":27}},"loc":{"start":{"line":94,"column":40},"end":{"line":102,"column":1}},"line":94},"9":{"name":"(anonymous_9)","decl":{"start":{"line":111,"column":30},"end":{"line":111,"column":31}},"loc":{"start":{"line":111,"column":44},"end":{"line":140,"column":1}},"line":111},"10":{"name":"(anonymous_10)","decl":{"start":{"line":117,"column":32},"end":{"line":117,"column":33}},"loc":{"start":{"line":117,"column":47},"end":{"line":139,"column":3}},"line":117},"11":{"name":"(anonymous_11)","decl":{"start":{"line":127,"column":35},"end":{"line":127,"column":36}},"loc":{"start":{"line":127,"column":40},"end":{"line":127,"column":51}},"line":127},"12":{"name":"(anonymous_12)","decl":{"start":{"line":133,"column":70},"end":{"line":133,"column":71}},"loc":{"start":{"line":133,"column":82},"end":{"line":138,"column":5}},"line":133},"13":{"name":"(anonymous_13)","decl":{"start":{"line":145,"column":32},"end":{"line":145,"column":33}},"loc":{"start":{"line":145,"column":46},"end":{"line":157,"column":1}},"line":145},"14":{"name":"(anonymous_14)","decl":{"start":{"line":148,"column":34},"end":{"line":148,"column":35}},"loc":{"start":{"line":148,"column":39},"end":{"line":148,"column":50}},"line":148}},"branchMap":{"0":{"loc":{"start":{"line":22,"column":16},"end":{"line":22,"column":61}},"type":"cond-expr","locations":[{"start":{"line":22,"column":32},"end":{"line":22,"column":56}},{"start":{"line":22,"column":59},"end":{"line":22,"column":61}}],"line":22},"1":{"loc":{"start":{"line":28,"column":4},"end":{"line":30,"column":3}},"type":"if","locations":[{"start":{"line":28,"column":4},"end":{"line":30,"column":3}},{"start":{},"end":{}}],"line":28},"2":{"loc":{"start":{"line":41,"column":6},"end":{"line":43,"column":7}},"type":"if","locations":[{"start":{"line":41,"column":6},"end":{"line":43,"column":7}},{"start":{},"end":{}}],"line":41},"3":{"loc":{"start":{"line":63,"column":4},"end":{"line":65,"column":5}},"type":"if","locations":[{"start":{"line":63,"column":4},"end":{"line":65,"column":5}},{"start":{},"end":{}}],"line":63},"4":{"loc":{"start":{"line":63,"column":8},"end":{"line":63,"column":52}},"type":"binary-expr","locations":[{"start":{"line":63,"column":8},"end":{"line":63,"column":24}},{"start":{"line":63,"column":28},"end":{"line":63,"column":52}}],"line":63},"5":{"loc":{"start":{"line":67,"column":4},"end":{"line":69,"column":5}},"type":"if","locations":[{"start":{"line":67,"column":4},"end":{"line":69,"column":5}},{"start":{},"end":{}}],"line":67},"6":{"loc":{"start":{"line":70,"column":4},"end":{"line":70,"column":52}},"type":"if","locations":[{"start":{"line":70,"column":4},"end":{"line":70,"column":52}},{"start":{},"end":{}}],"line":70},"7":{"loc":{"start":{"line":71,"column":4},"end":{"line":71,"column":50}},"type":"if","locations":[{"start":{"line":71,"column":4},"end":{"line":71,"column":50}},{"start":{},"end":{}}],"line":71},"8":{"loc":{"start":{"line":79,"column":8},"end":{"line":82,"column":9}},"type":"if","locations":[{"start":{"line":79,"column":8},"end":{"line":82,"column":9}},{"start":{},"end":{}}],"line":79},"9":{"loc":{"start":{"line":113,"column":2},"end":{"line":115,"column":3}},"type":"if","locations":[{"start":{"line":113,"column":2},"end":{"line":115,"column":3}},{"start":{},"end":{}}],"line":113},"10":{"loc":{"start":{"line":118,"column":4},"end":{"line":120,"column":5}},"type":"if","locations":[{"start":{"line":118,"column":4},"end":{"line":120,"column":5}},{"start":{},"end":{}}],"line":118},"11":{"loc":{"start":{"line":128,"column":4},"end":{"line":132,"column":5}},"type":"if","locations":[{"start":{"line":128,"column":4},"end":{"line":132,"column":5}},{"start":{"line":130,"column":11},"end":{"line":132,"column":5}}],"line":128},"12":{"loc":{"start":{"line":129,"column":24},"end":{"line":129,"column":43}},"type":"binary-expr","locations":[{"start":{"line":129,"column":24},"end":{"line":129,"column":38}},{"start":{"line":129,"column":42},"end":{"line":129,"column":43}}],"line":129},"13":{"loc":{"start":{"line":134,"column":6},"end":{"line":136,"column":7}},"type":"if","locations":[{"start":{"line":134,"column":6},"end":{"line":136,"column":7}},{"start":{},"end":{}}],"line":134},"14":{"loc":{"start":{"line":150,"column":2},"end":{"line":156,"column":3}},"type":"if","locations":[{"start":{"line":150,"column":2},"end":{"line":156,"column":3}},{"start":{"line":154,"column":9},"end":{"line":156,"column":3}}],"line":150}},"s":{"0":1,"1":1,"2":1,"3":1,"4":1,"5":1,"6":1,"7":1,"8":1,"9":1,"10":1,"11":1,"12":5,"13":5,"14":250,"15":5,"16":5,"17":5,"18":5,"19":1,"20":1,"21":3,"22":3,"23":3,"24":1,"25":2,"26":1,"27":1,"28":1,"29":4,"30":4,"31":2,"32":2,"33":54,"34":2,"35":1,"36":1,"37":0,"38":1,"39":0,"40":1,"41":1,"42":1,"43":1,"44":1,"45":1,"46":1,"47":1,"48":0,"49":0,"50":1,"51":1,"52":1,"53":1,"54":1,"55":0,"56":1,"57":5,"58":5,"59":1,"60":4,"61":4,"62":4,"63":1,"64":3,"65":3,"66":1,"67":2,"68":21,"69":2,"70":1,"71":1,"72":1,"73":1,"74":0,"75":1,"76":1,"77":0,"78":0,"79":0,"80":0,"81":0,"82":0,"83":1},"f":{"0":5,"1":250,"2":5,"3":3,"4":3,"5":4,"6":54,"7":1,"8":1,"9":5,"10":4,"11":21,"12":1,"13":0,"14":0},"b":{"0":[3,2],"1":[1,4],"2":[1,2],"3":[2,2],"4":[4,3],"5":[1,1],"6":[0,1],"7":[0,1],"8":[0,1],"9":[1,4],"10":[1,3],"11":[1,1],"12":[1,0],"13":[0,1],"14":[0,0]},"_coverageSchema":"1a1c01bbd47fc00a2c39e90264f33305004495a9","hash":"8933893f871d6c39ec97c31c6b5ec85ec8aa9ce6"}
}
