{"/Users/palak/Documents/University/progblack_2425/coursework/app.js": {"path":"/Users/palak/Documents/University/progblack_2425/coursework/app.js","statementMap":{"0":{"start":{"line":2,"column":16},"end":{"line":2,"column":34}},"1":{"start":{"line":3,"column":12},"end":{"line":3,"column":21}},"2":{"start":{"line":4,"column":13},"end":{"line":4,"column":28}},"3":{"start":{"line":5,"column":11},"end":{"line":5,"column":24}},"4":{"start":{"line":7,"column":0},"end":{"line":7,"column":34}},"5":{"start":{"line":8,"column":0},"end":{"line":8,"column":56}},"6":{"start":{"line":10,"column":0},"end":{"line":10,"column":56}},"7":{"start":{"line":11,"column":0},"end":{"line":11,"column":24}},"8":{"start":{"line":12,"column":27},"end":{"line":14,"column":3}},"9":{"start":{"line":15,"column":0},"end":{"line":15,"column":67}},"10":{"start":{"line":16,"column":0},"end":{"line":16,"column":75}},"11":{"start":{"line":21,"column":0},"end":{"line":28,"column":5}},"12":{"start":{"line":22,"column":16},"end":{"line":22,"column":61}},"13":{"start":{"line":23,"column":33},"end":{"line":25,"column":5}},"14":{"start":{"line":24,"column":6},"end":{"line":24,"column":38}},"15":{"start":{"line":26,"column":4},"end":{"line":26,"column":23}},"16":{"start":{"line":27,"column":4},"end":{"line":27,"column":35}},"17":{"start":{"line":34,"column":2},"end":{"line":43,"column":5}},"18":{"start":{"line":35,"column":21},"end":{"line":35,"column":69}},"19":{"start":{"line":37,"column":4},"end":{"line":42,"column":7}},"20":{"start":{"line":38,"column":6},"end":{"line":40,"column":7}},"21":{"start":{"line":39,"column":8},"end":{"line":39,"column":71}},"22":{"start":{"line":41,"column":6},"end":{"line":41,"column":33}},"23":{"start":{"line":49,"column":0},"end":{"line":49,"column":24}},"24":{"start":{"line":50,"column":29},"end":{"line":50,"column":66}},"25":{"start":{"line":56,"column":0},"end":{"line":83,"column":3}},"26":{"start":{"line":57,"column":44},"end":{"line":57,"column":52}},"27":{"start":{"line":58,"column":4},"end":{"line":60,"column":5}},"28":{"start":{"line":59,"column":8},"end":{"line":59,"column":74}},"29":{"start":{"line":61,"column":24},"end":{"line":61,"column":90}},"30":{"start":{"line":61,"column":60},"end":{"line":61,"column":89}},"31":{"start":{"line":62,"column":4},"end":{"line":64,"column":5}},"32":{"start":{"line":63,"column":8},"end":{"line":63,"column":72}},"33":{"start":{"line":65,"column":4},"end":{"line":65,"column":52}},"34":{"start":{"line":65,"column":29},"end":{"line":65,"column":52}},"35":{"start":{"line":66,"column":4},"end":{"line":66,"column":50}},"36":{"start":{"line":66,"column":28},"end":{"line":66,"column":50}},"37":{"start":{"line":67,"column":22},"end":{"line":67,"column":44}},"38":{"start":{"line":68,"column":21},"end":{"line":68,"column":42}},"39":{"start":{"line":69,"column":29},"end":{"line":69,"column":94}},"40":{"start":{"line":70,"column":33},"end":{"line":70,"column":72}},"41":{"start":{"line":71,"column":4},"end":{"line":71,"column":46}},"42":{"start":{"line":72,"column":4},"end":{"line":72,"column":33}},"43":{"start":{"line":73,"column":4},"end":{"line":82,"column":7}},"44":{"start":{"line":74,"column":8},"end":{"line":77,"column":9}},"45":{"start":{"line":75,"column":12},"end":{"line":75,"column":68}},"46":{"start":{"line":76,"column":12},"end":{"line":76,"column":85}},"47":{"start":{"line":78,"column":8},"end":{"line":81,"column":11}},"48":{"start":{"line":87,"column":18},"end":{"line":87,"column":101}},"49":{"start":{"line":89,"column":0},"end":{"line":91,"column":3}},"50":{"start":{"line":90,"column":2},"end":{"line":90,"column":34}},"51":{"start":{"line":100,"column":0},"end":{"line":129,"column":3}},"52":{"start":{"line":101,"column":17},"end":{"line":101,"column":25}},"53":{"start":{"line":102,"column":2},"end":{"line":104,"column":3}},"54":{"start":{"line":103,"column":4},"end":{"line":103,"column":63}},"55":{"start":{"line":105,"column":19},"end":{"line":105,"column":44}},"56":{"start":{"line":106,"column":2},"end":{"line":128,"column":5}},"57":{"start":{"line":107,"column":4},"end":{"line":109,"column":5}},"58":{"start":{"line":108,"column":6},"end":{"line":108,"column":69}},"59":{"start":{"line":111,"column":4},"end":{"line":115,"column":5}},"60":{"start":{"line":112,"column":6},"end":{"line":112,"column":34}},"61":{"start":{"line":114,"column":6},"end":{"line":114,"column":69}},"62":{"start":{"line":116,"column":21},"end":{"line":116,"column":52}},"63":{"start":{"line":116,"column":40},"end":{"line":116,"column":51}},"64":{"start":{"line":117,"column":4},"end":{"line":121,"column":5}},"65":{"start":{"line":118,"column":6},"end":{"line":118,"column":49}},"66":{"start":{"line":120,"column":6},"end":{"line":120,"column":69}},"67":{"start":{"line":122,"column":4},"end":{"line":127,"column":7}},"68":{"start":{"line":123,"column":6},"end":{"line":125,"column":7}},"69":{"start":{"line":124,"column":8},"end":{"line":124,"column":71}},"70":{"start":{"line":126,"column":6},"end":{"line":126,"column":80}},"71":{"start":{"line":133,"column":0},"end":{"line":133,"column":21}}},"fnMap":{"0":{"name":"(anonymous_0)","decl":{"start":{"line":21,"column":29},"end":{"line":21,"column":30}},"loc":{"start":{"line":21,"column":43},"end":{"line":28,"column":3}},"line":21},"1":{"name":"(anonymous_1)","decl":{"start":{"line":23,"column":59},"end":{"line":23,"column":60}},"loc":{"start":{"line":24,"column":6},"end":{"line":24,"column":38}},"line":24},"2":{"name":"(anonymous_2)","decl":{"start":{"line":34,"column":35},"end":{"line":34,"column":36}},"loc":{"start":{"line":34,"column":49},"end":{"line":43,"column":3}},"line":34},"3":{"name":"(anonymous_3)","decl":{"start":{"line":37,"column":34},"end":{"line":37,"column":35}},"loc":{"start":{"line":37,"column":49},"end":{"line":42,"column":5}},"line":37},"4":{"name":"(anonymous_4)","decl":{"start":{"line":56,"column":31},"end":{"line":56,"column":32}},"loc":{"start":{"line":56,"column":45},"end":{"line":83,"column":1}},"line":56},"5":{"name":"(anonymous_5)","decl":{"start":{"line":61,"column":52},"end":{"line":61,"column":53}},"loc":{"start":{"line":61,"column":60},"end":{"line":61,"column":89}},"line":61},"6":{"name":"(anonymous_6)","decl":{"start":{"line":73,"column":96},"end":{"line":73,"column":97}},"loc":{"start":{"line":73,"column":105},"end":{"line":82,"column":5}},"line":73},"7":{"name":"(anonymous_7)","decl":{"start":{"line":89,"column":26},"end":{"line":89,"column":27}},"loc":{"start":{"line":89,"column":40},"end":{"line":91,"column":1}},"line":89},"8":{"name":"(anonymous_8)","decl":{"start":{"line":100,"column":30},"end":{"line":100,"column":31}},"loc":{"start":{"line":100,"column":44},"end":{"line":129,"column":1}},"line":100},"9":{"name":"(anonymous_9)","decl":{"start":{"line":106,"column":32},"end":{"line":106,"column":33}},"loc":{"start":{"line":106,"column":47},"end":{"line":128,"column":3}},"line":106},"10":{"name":"(anonymous_10)","decl":{"start":{"line":116,"column":35},"end":{"line":116,"column":36}},"loc":{"start":{"line":116,"column":40},"end":{"line":116,"column":51}},"line":116},"11":{"name":"(anonymous_11)","decl":{"start":{"line":122,"column":70},"end":{"line":122,"column":71}},"loc":{"start":{"line":122,"column":82},"end":{"line":127,"column":5}},"line":122}},"branchMap":{"0":{"loc":{"start":{"line":22,"column":16},"end":{"line":22,"column":61}},"type":"cond-expr","locations":[{"start":{"line":22,"column":32},"end":{"line":22,"column":56}},{"start":{"line":22,"column":59},"end":{"line":22,"column":61}}],"line":22},"1":{"loc":{"start":{"line":38,"column":6},"end":{"line":40,"column":7}},"type":"if","locations":[{"start":{"line":38,"column":6},"end":{"line":40,"column":7}},{"start":{},"end":{}}],"line":38},"2":{"loc":{"start":{"line":58,"column":4},"end":{"line":60,"column":5}},"type":"if","locations":[{"start":{"line":58,"column":4},"end":{"line":60,"column":5}},{"start":{},"end":{}}],"line":58},"3":{"loc":{"start":{"line":58,"column":8},"end":{"line":58,"column":52}},"type":"binary-expr","locations":[{"start":{"line":58,"column":8},"end":{"line":58,"column":24}},{"start":{"line":58,"column":28},"end":{"line":58,"column":52}}],"line":58},"4":{"loc":{"start":{"line":62,"column":4},"end":{"line":64,"column":5}},"type":"if","locations":[{"start":{"line":62,"column":4},"end":{"line":64,"column":5}},{"start":{},"end":{}}],"line":62},"5":{"loc":{"start":{"line":65,"column":4},"end":{"line":65,"column":52}},"type":"if","locations":[{"start":{"line":65,"column":4},"end":{"line":65,"column":52}},{"start":{},"end":{}}],"line":65},"6":{"loc":{"start":{"line":66,"column":4},"end":{"line":66,"column":50}},"type":"if","locations":[{"start":{"line":66,"column":4},"end":{"line":66,"column":50}},{"start":{},"end":{}}],"line":66},"7":{"loc":{"start":{"line":74,"column":8},"end":{"line":77,"column":9}},"type":"if","locations":[{"start":{"line":74,"column":8},"end":{"line":77,"column":9}},{"start":{},"end":{}}],"line":74},"8":{"loc":{"start":{"line":102,"column":2},"end":{"line":104,"column":3}},"type":"if","locations":[{"start":{"line":102,"column":2},"end":{"line":104,"column":3}},{"start":{},"end":{}}],"line":102},"9":{"loc":{"start":{"line":107,"column":4},"end":{"line":109,"column":5}},"type":"if","locations":[{"start":{"line":107,"column":4},"end":{"line":109,"column":5}},{"start":{},"end":{}}],"line":107},"10":{"loc":{"start":{"line":117,"column":4},"end":{"line":121,"column":5}},"type":"if","locations":[{"start":{"line":117,"column":4},"end":{"line":121,"column":5}},{"start":{"line":119,"column":11},"end":{"line":121,"column":5}}],"line":117},"11":{"loc":{"start":{"line":118,"column":24},"end":{"line":118,"column":43}},"type":"binary-expr","locations":[{"start":{"line":118,"column":24},"end":{"line":118,"column":38}},{"start":{"line":118,"column":42},"end":{"line":118,"column":43}}],"line":118},"12":{"loc":{"start":{"line":123,"column":6},"end":{"line":125,"column":7}},"type":"if","locations":[{"start":{"line":123,"column":6},"end":{"line":125,"column":7}},{"start":{},"end":{}}],"line":123}},"s":{"0":1,"1":1,"2":1,"3":1,"4":1,"5":1,"6":1,"7":1,"8":1,"9":1,"10":1,"11":1,"12":5,"13":5,"14":250,"15":5,"16":5,"17":1,"18":3,"19":3,"20":3,"21":1,"22":2,"23":1,"24":1,"25":1,"26":4,"27":4,"28":2,"29":2,"30":54,"31":2,"32":1,"33":1,"34":0,"35":1,"36":0,"37":1,"38":1,"39":1,"40":1,"41":1,"42":1,"43":1,"44":1,"45":0,"46":0,"47":1,"48":1,"49":1,"50":1,"51":1,"52":5,"53":5,"54":1,"55":4,"56":4,"57":4,"58":1,"59":3,"60":3,"61":1,"62":2,"63":21,"64":2,"65":1,"66":1,"67":1,"68":1,"69":0,"70":1,"71":1},"f":{"0":5,"1":250,"2":3,"3":3,"4":4,"5":54,"6":1,"7":1,"8":5,"9":4,"10":21,"11":1},"b":{"0":[3,2],"1":[1,2],"2":[2,2],"3":[4,3],"4":[1,1],"5":[0,1],"6":[0,1],"7":[0,1],"8":[1,4],"9":[1,3],"10":[1,1],"11":[1,0],"12":[0,1]},"_coverageSchema":"1a1c01bbd47fc00a2c39e90264f33305004495a9","hash":"72f5b553b44b61c294ae586b400dcf042ac85d0a"}
}
