TN:
SF:app.js
FN:21,(anonymous_0)
FN:23,(anonymous_1)
FN:34,(anonymous_2)
FN:37,(anonymous_3)
FN:62,(anonymous_4)
FN:67,(anonymous_5)
FN:79,(anonymous_6)
FN:95,(anonymous_7)
FN:106,(anonymous_8)
FN:112,(anonymous_9)
FN:122,(anonymous_10)
FN:128,(anonymous_11)
FNF:12
FNH:11
FNDA:5,(anonymous_0)
FNDA:250,(anonymous_1)
FNDA:2,(anonymous_2)
FNDA:2,(anonymous_3)
FNDA:4,(anonymous_4)
FNDA:54,(anonymous_5)
FNDA:1,(anonymous_6)
FNDA:1,(anonymous_7)
FNDA:4,(anonymous_8)
FNDA:3,(anonymous_9)
FNDA:20,(anonymous_10)
FNDA:0,(anonymous_11)
DA:2,1
DA:3,1
DA:4,1
DA:5,1
DA:7,1
DA:8,1
DA:10,1
DA:11,1
DA:12,1
DA:15,1
DA:16,1
DA:21,1
DA:22,5
DA:23,5
DA:24,250
DA:26,5
DA:27,5
DA:34,1
DA:35,2
DA:37,2
DA:38,2
DA:39,0
DA:41,2
DA:55,1
DA:56,1
DA:62,1
DA:63,4
DA:64,4
DA:65,2
DA:67,54
DA:68,2
DA:69,1
DA:71,1
DA:72,1
DA:73,1
DA:74,1
DA:75,1
DA:76,1
DA:77,1
DA:78,1
DA:79,1
DA:80,1
DA:81,0
DA:82,0
DA:84,1
DA:93,1
DA:95,1
DA:96,1
DA:106,1
DA:107,4
DA:108,4
DA:109,1
DA:111,3
DA:112,3
DA:113,3
DA:114,1
DA:117,2
DA:118,2
DA:120,1
DA:122,20
DA:123,1
DA:124,0
DA:126,1
DA:128,0
DA:129,0
DA:130,0
DA:132,0
DA:139,1
LF:68
LH:60
BRDA:22,0,0,3
BRDA:22,0,1,2
BRDA:38,1,0,0
BRDA:38,1,1,2
BRDA:64,2,0,2
BRDA:64,2,1,2
BRDA:64,3,0,4
BRDA:64,3,1,3
BRDA:68,4,0,1
BRDA:68,4,1,1
BRDA:71,5,0,0
BRDA:71,5,1,1
BRDA:72,6,0,0
BRDA:72,6,1,1
BRDA:80,7,0,0
BRDA:80,7,1,1
BRDA:108,8,0,1
BRDA:108,8,1,3
BRDA:113,9,0,1
BRDA:113,9,1,2
BRDA:123,10,0,0
BRDA:123,10,1,1
BRDA:124,11,0,0
BRDA:124,11,1,0
BRDA:129,12,0,0
BRDA:129,12,1,0
BRF:26
BRH:17
end_of_record
