TN:
SF:app.js
FN:21,(anonymous_0)
FN:23,(anonymous_1)
FN:28,(anonymous_2)
FN:37,(anonymous_3)
FN:40,(anonymous_4)
FN:61,(anonymous_5)
FN:66,(anonymous_6)
FN:78,(anonymous_7)
FN:94,(anonymous_8)
FN:111,(anonymous_9)
FN:117,(anonymous_10)
FN:127,(anonymous_11)
FN:133,(anonymous_12)
FN:145,(anonymous_13)
FN:148,(anonymous_14)
FNF:15
FNH:13
FNDA:5,(anonymous_0)
FNDA:250,(anonymous_1)
FNDA:5,(anonymous_2)
FNDA:3,(anonymous_3)
FNDA:3,(anonymous_4)
FNDA:4,(anonymous_5)
FNDA:54,(anonymous_6)
FNDA:1,(anonymous_7)
FNDA:1,(anonymous_8)
FNDA:5,(anonymous_9)
FNDA:4,(anonymous_10)
FNDA:21,(anonymous_11)
FNDA:1,(anonymous_12)
FNDA:0,(anonymous_13)
FNDA:0,(anonymous_14)
DA:2,1
DA:3,1
DA:4,1
DA:5,1
DA:7,1
DA:8,1
DA:10,1
DA:11,1
DA:12,1
DA:15,1
DA:16,1
DA:21,1
DA:22,5
DA:23,5
DA:24,250
DA:26,5
DA:27,5
DA:28,5
DA:29,1
DA:37,1
DA:38,3
DA:40,3
DA:41,3
DA:42,1
DA:44,2
DA:52,1
DA:53,1
DA:61,1
DA:62,4
DA:63,4
DA:64,2
DA:66,54
DA:67,2
DA:68,1
DA:70,1
DA:71,1
DA:72,1
DA:73,1
DA:74,1
DA:75,1
DA:76,1
DA:77,1
DA:78,1
DA:79,1
DA:80,0
DA:81,0
DA:83,1
DA:92,1
DA:94,1
DA:95,1
DA:97,1
DA:100,0
DA:111,1
DA:112,5
DA:113,5
DA:114,1
DA:116,4
DA:117,4
DA:118,4
DA:119,1
DA:122,3
DA:123,3
DA:125,1
DA:127,21
DA:128,2
DA:129,1
DA:131,1
DA:133,1
DA:134,1
DA:135,0
DA:137,1
DA:145,1
DA:146,0
DA:148,0
DA:150,0
DA:151,0
DA:155,0
DA:159,1
LF:78
LH:69
BRDA:22,0,0,3
BRDA:22,0,1,2
BRDA:28,1,0,1
BRDA:28,1,1,4
BRDA:41,2,0,1
BRDA:41,2,1,2
BRDA:63,3,0,2
BRDA:63,3,1,2
BRDA:63,4,0,4
BRDA:63,4,1,3
BRDA:67,5,0,1
BRDA:67,5,1,1
BRDA:70,6,0,0
BRDA:70,6,1,1
BRDA:71,7,0,0
BRDA:71,7,1,1
BRDA:79,8,0,0
BRDA:79,8,1,1
BRDA:113,9,0,1
BRDA:113,9,1,4
BRDA:118,10,0,1
BRDA:118,10,1,3
BRDA:128,11,0,1
BRDA:128,11,1,1
BRDA:129,12,0,1
BRDA:129,12,1,0
BRDA:134,13,0,0
BRDA:134,13,1,1
BRDA:150,14,0,0
BRDA:150,14,1,0
BRF:30
BRH:23
end_of_record
